<?xml version="1.0" encoding="UTF-8"?>
<!-- Generated by org.testng.reporters.JUnitXMLReporter -->
<testsuite ignored="0" hostname="LAPTOP-B5DT44ER" failures="0" tests="3" name="Default test" time="46.927" errors="0" timestamp="2023-06-06T17:41:27 IST">
  <testcase classname="Test_Scenarios.Test_Methods_GoogleSearch" name="SearchOperation" time="13.176"/>
  <testcase classname="Test_Scenarios.Test_Methods_GoogleSearch" name="VerifyandAccessFacebook" time="5.475"/>
  <testcase classname="Test_Scenarios.Test_Methods_GoogleSearch" name="VerifyLoginfunctionality" time="4.87"/>
</testsuite> <!-- Default test -->
