<?xml version="1.0" encoding="UTF-8"?>
<!-- Generated by org.testng.reporters.JUnitXMLReporter -->
<testsuite ignored="0" hostname="LAPTOP-B5DT44ER" failures="0" tests="3" name="Default test" time="29.086" errors="0" timestamp="2023-05-24T16:17:00 IST">
  <testcase classname="Test_Scenarios.Test_Methods_GoogleSearch" name="SearchOperation" time="4.196"/>
  <testcase classname="Test_Scenarios.Test_Methods_GoogleSearch" name="VerifyandAccessFacebook" time="6.453"/>
  <testcase classname="Test_Scenarios.Test_Methods_GoogleSearch" name="VerifyLoginfunctionality" time="5.62"/>
</testsuite> <!-- Default test -->
