<?xml version="1.0" encoding="UTF-8"?>
<testng-results ignored="0" total="3" passed="3" failed="0" skipped="0">
  <reporter-output>
  </reporter-output>
  <suite started-at="2023-05-24T16:16:30 IST" name="Default suite" finished-at="2023-05-24T16:17:00 IST" duration-ms="29086">
    <groups>
    </groups>
    <test started-at="2023-05-24T16:16:30 IST" name="Default test" finished-at="2023-05-24T16:17:00 IST" duration-ms="29086">
      <class name="Test_Scenarios.Test_Methods_GoogleSearch">
        <test-method is-config="true" signature="beforetest()[pri:0, instance:Test_Scenarios.Test_Methods_GoogleSearch@53ce1329]" started-at="2023-05-24T16:16:31 IST" name="beforetest" finished-at="2023-05-24T16:16:43 IST" duration-ms="12020" status="PASS">
          <reporter-output>
          </reporter-output>
        </test-method> <!-- beforetest -->
        <test-method signature="SearchOperation()[pri:0, instance:Test_Scenarios.Test_Methods_GoogleSearch@53ce1329]" started-at="2023-05-24T16:16:43 IST" name="SearchOperation" finished-at="2023-05-24T16:16:47 IST" duration-ms="4196" status="PASS">
          <reporter-output>
          </reporter-output>
        </test-method> <!-- SearchOperation -->
        <test-method signature="VerifyandAccessFacebook()[pri:1, instance:Test_Scenarios.Test_Methods_GoogleSearch@53ce1329]" started-at="2023-05-24T16:16:47 IST" name="VerifyandAccessFacebook" finished-at="2023-05-24T16:16:53 IST" duration-ms="6453" status="PASS">
          <reporter-output>
          </reporter-output>
        </test-method> <!-- VerifyandAccessFacebook -->
        <test-method signature="VerifyLoginfunctionality()[pri:2, instance:Test_Scenarios.Test_Methods_GoogleSearch@53ce1329]" started-at="2023-05-24T16:16:53 IST" name="VerifyLoginfunctionality" finished-at="2023-05-24T16:16:59 IST" duration-ms="5620" status="PASS">
          <reporter-output>
          </reporter-output>
        </test-method> <!-- VerifyLoginfunctionality -->
        <test-method is-config="true" signature="aftertest()[pri:0, instance:Test_Scenarios.Test_Methods_GoogleSearch@53ce1329]" started-at="2023-05-24T16:16:59 IST" name="aftertest" finished-at="2023-05-24T16:17:00 IST" duration-ms="631" status="PASS">
          <reporter-output>
          </reporter-output>
        </test-method> <!-- aftertest -->
      </class> <!-- Test_Scenarios.Test_Methods_GoogleSearch -->
    </test> <!-- Default test -->
  </suite> <!-- Default suite -->
</testng-results>
