<?xml version="1.0" encoding="UTF-8"?>
<testng-results ignored="0" total="3" passed="3" failed="0" skipped="0">
  <reporter-output>
  </reporter-output>
  <suite started-at="2023-06-06T17:40:40 IST" name="Default suite" finished-at="2023-06-06T17:41:27 IST" duration-ms="46927">
    <groups>
    </groups>
    <test started-at="2023-06-06T17:40:40 IST" name="Default test" finished-at="2023-06-06T17:41:27 IST" duration-ms="46927">
      <class name="Test_Scenarios.Test_Methods_GoogleSearch">
        <test-method is-config="true" signature="beforetest()[pri:0, instance:Test_Scenarios.Test_Methods_GoogleSearch@53ce1329]" started-at="2023-06-06T17:40:40 IST" name="beforetest" finished-at="2023-06-06T17:41:03 IST" duration-ms="22541" status="PASS">
          <reporter-output>
          </reporter-output>
        </test-method> <!-- beforetest -->
        <test-method signature="SearchOperation()[pri:0, instance:Test_Scenarios.Test_Methods_GoogleSearch@53ce1329]" started-at="2023-06-06T17:41:03 IST" name="SearchOperation" finished-at="2023-06-06T17:41:16 IST" duration-ms="13176" status="PASS">
          <reporter-output>
          </reporter-output>
        </test-method> <!-- SearchOperation -->
        <test-method signature="VerifyandAccessFacebook()[pri:1, instance:Test_Scenarios.Test_Methods_GoogleSearch@53ce1329]" started-at="2023-06-06T17:41:16 IST" name="VerifyandAccessFacebook" finished-at="2023-06-06T17:41:22 IST" duration-ms="5475" status="PASS">
          <reporter-output>
          </reporter-output>
        </test-method> <!-- VerifyandAccessFacebook -->
        <test-method signature="VerifyLoginfunctionality()[pri:2, instance:Test_Scenarios.Test_Methods_GoogleSearch@53ce1329]" started-at="2023-06-06T17:41:22 IST" name="VerifyLoginfunctionality" finished-at="2023-06-06T17:41:27 IST" duration-ms="4870" status="PASS">
          <reporter-output>
          </reporter-output>
        </test-method> <!-- VerifyLoginfunctionality -->
        <test-method is-config="true" signature="aftertest()[pri:0, instance:Test_Scenarios.Test_Methods_GoogleSearch@53ce1329]" started-at="2023-06-06T17:41:27 IST" name="aftertest" finished-at="2023-06-06T17:41:27 IST" duration-ms="732" status="PASS">
          <reporter-output>
          </reporter-output>
        </test-method> <!-- aftertest -->
      </class> <!-- Test_Scenarios.Test_Methods_GoogleSearch -->
    </test> <!-- Default test -->
  </suite> <!-- Default suite -->
</testng-results>
